<?xml version="1.0" encoding="UTF-8"?>
<!-- Generated by org.testng.reporters.JUnitReportReporter -->
<testsuite hostname="divya" failures="0" tests="2" name="com.comcast.contacttest.Createcontact" time="0.015" errors="0" timestamp="2021-03-11T16:02:18 IST" skipped="0">
  <testcase classname="com.comcast.contacttest.Createcontact" name="CreateconactwithMoile" time="0.014"/>
  <system-out/>
  <testcase classname="com.comcast.contacttest.Createcontact" name="createcontact" time="0.001"/>
  <system-out/>
</testsuite> <!-- com.comcast.contacttest.Createcontact -->
